<?xml version="1.0" encoding="UTF-8"?>
<!-- Generated by org.testng.reporters.JUnitXMLReporter -->
<testsuite ignored="0" hostname="LAPTOP-0T5FP7RU" failures="0" tests="5" name="Default test" time="19.893" errors="0" timestamp="2024-01-11T20:52:00 IST">
  <testcase classname="com.tutorialsninja.qa.testcases.Login" name="verifyLoginWithValidCredentials" time="4.501"/>
  <testcase classname="com.tutorialsninja.qa.testcases.Login" name="verifyWithInvalidCredentials" time="3.946"/>
  <testcase classname="com.tutorialsninja.qa.testcases.Login" name="verifyLoginWithInvalidEmailAndValidPassword" time="3.3"/>
  <testcase classname="com.tutorialsninja.qa.testcases.Login" name="verifyLoginWithValidEmailAndInvalidPassword" time="3.334"/>
  <testcase classname="com.tutorialsninja.qa.testcases.Login" name="verifyLoginWithoutProvidingCredentials" time="4.224"/>
</testsuite> <!-- Default test -->
