<?xml version="1.0" encoding="UTF-8"?>
<testng-results ignored="0" total="1" passed="1" failed="0" skipped="0">
  <reporter-output>
  </reporter-output>
  <suite started-at="2024-01-11T16:24:32 IST" name="Default suite" finished-at="2024-01-11T16:24:41 IST" duration-ms="8578">
    <groups>
    </groups>
    <test started-at="2024-01-11T16:24:32 IST" name="Default test" finished-at="2024-01-11T16:24:41 IST" duration-ms="8578">
      <class name="com.tutorialsninja.qa.testcases.Login">
        <test-method signature="verifyLoginWithValidCredentials()[pri:0, instance:com.tutorialsninja.qa.testcases.Login@2cf3d63b]" started-at="2024-01-11T16:24:32 IST" name="verifyLoginWithValidCredentials" finished-at="2024-01-11T16:24:41 IST" duration-ms="8523" status="PASS">
          <reporter-output>
          </reporter-output>
        </test-method> <!-- verifyLoginWithValidCredentials -->
      </class> <!-- com.tutorialsninja.qa.testcases.Login -->
    </test> <!-- Default test -->
  </suite> <!-- Default suite -->
</testng-results>
