<?xml version="1.0" encoding="UTF-8"?>
<testng-results ignored="0" total="4" passed="4" failed="0" skipped="0">
  <reporter-output>
  </reporter-output>
  <suite started-at="2024-01-12T14:29:11 IST" name="Default suite" finished-at="2024-01-12T14:29:44 IST" duration-ms="32210">
    <groups>
    </groups>
    <test started-at="2024-01-12T14:29:11 IST" name="Default test" finished-at="2024-01-12T14:29:44 IST" duration-ms="32210">
      <class name="com.tutorialsninja.qa.testcases.Register">
        <test-method is-config="true" signature="setUp()[pri:0, instance:com.tutorialsninja.qa.testcases.Register@117159c0]" started-at="2024-01-12T14:29:11 IST" name="setUp" finished-at="2024-01-12T14:29:16 IST" duration-ms="4904" status="PASS">
          <reporter-output>
          </reporter-output>
        </test-method> <!-- setUp -->
        <test-method signature="verifyRegisteringAnAccountWithMandatoryFeilds()[pri:1, instance:com.tutorialsninja.qa.testcases.Register@117159c0]" started-at="2024-01-12T14:29:16 IST" name="verifyRegisteringAnAccountWithMandatoryFeilds" finished-at="2024-01-12T14:29:18 IST" duration-ms="1727" status="PASS">
          <reporter-output>
          </reporter-output>
        </test-method> <!-- verifyRegisteringAnAccountWithMandatoryFeilds -->
        <test-method is-config="true" signature="tearDown()[pri:0, instance:com.tutorialsninja.qa.testcases.Register@117159c0]" started-at="2024-01-12T14:29:18 IST" name="tearDown" finished-at="2024-01-12T14:29:18 IST" duration-ms="1" status="PASS">
          <reporter-output>
          </reporter-output>
        </test-method> <!-- tearDown -->
        <test-method is-config="true" signature="setUp()[pri:0, instance:com.tutorialsninja.qa.testcases.Register@117159c0]" started-at="2024-01-12T14:29:18 IST" name="setUp" finished-at="2024-01-12T14:29:27 IST" duration-ms="9410" status="PASS">
          <reporter-output>
          </reporter-output>
        </test-method> <!-- setUp -->
        <test-method signature="verifyRegisteringAccountByProvidingAllFields()[pri:2, instance:com.tutorialsninja.qa.testcases.Register@117159c0]" started-at="2024-01-12T14:29:27 IST" name="verifyRegisteringAccountByProvidingAllFields" finished-at="2024-01-12T14:29:29 IST" duration-ms="1462" status="PASS">
          <reporter-output>
          </reporter-output>
        </test-method> <!-- verifyRegisteringAccountByProvidingAllFields -->
        <test-method is-config="true" signature="tearDown()[pri:0, instance:com.tutorialsninja.qa.testcases.Register@117159c0]" started-at="2024-01-12T14:29:29 IST" name="tearDown" finished-at="2024-01-12T14:29:29 IST" duration-ms="295" status="PASS">
          <reporter-output>
          </reporter-output>
        </test-method> <!-- tearDown -->
        <test-method is-config="true" signature="setUp()[pri:0, instance:com.tutorialsninja.qa.testcases.Register@117159c0]" started-at="2024-01-12T14:29:29 IST" name="setUp" finished-at="2024-01-12T14:29:36 IST" duration-ms="6770" status="PASS">
          <reporter-output>
          </reporter-output>
        </test-method> <!-- setUp -->
        <test-method signature="verifyRegisteringAccountWithExistingEmailAddress()[pri:3, instance:com.tutorialsninja.qa.testcases.Register@117159c0]" started-at="2024-01-12T14:29:36 IST" name="verifyRegisteringAccountWithExistingEmailAddress" finished-at="2024-01-12T14:29:37 IST" duration-ms="1119" status="PASS">
          <reporter-output>
          </reporter-output>
        </test-method> <!-- verifyRegisteringAccountWithExistingEmailAddress -->
        <test-method is-config="true" signature="tearDown()[pri:0, instance:com.tutorialsninja.qa.testcases.Register@117159c0]" started-at="2024-01-12T14:29:37 IST" name="tearDown" finished-at="2024-01-12T14:29:37 IST" duration-ms="264" status="PASS">
          <reporter-output>
          </reporter-output>
        </test-method> <!-- tearDown -->
        <test-method is-config="true" signature="setUp()[pri:0, instance:com.tutorialsninja.qa.testcases.Register@117159c0]" started-at="2024-01-12T14:29:37 IST" name="setUp" finished-at="2024-01-12T14:29:43 IST" duration-ms="5415" status="PASS">
          <reporter-output>
          </reporter-output>
        </test-method> <!-- setUp -->
        <test-method signature="verifyRegisteringAccountWithFillingAnyDetails()[pri:4, instance:com.tutorialsninja.qa.testcases.Register@117159c0]" started-at="2024-01-12T14:29:43 IST" name="verifyRegisteringAccountWithFillingAnyDetails" finished-at="2024-01-12T14:29:43 IST" duration-ms="523" status="PASS">
          <reporter-output>
          </reporter-output>
        </test-method> <!-- verifyRegisteringAccountWithFillingAnyDetails -->
        <test-method is-config="true" signature="tearDown()[pri:0, instance:com.tutorialsninja.qa.testcases.Register@117159c0]" started-at="2024-01-12T14:29:43 IST" name="tearDown" finished-at="2024-01-12T14:29:44 IST" duration-ms="260" status="PASS">
          <reporter-output>
          </reporter-output>
        </test-method> <!-- tearDown -->
      </class> <!-- com.tutorialsninja.qa.testcases.Register -->
    </test> <!-- Default test -->
  </suite> <!-- Default suite -->
</testng-results>
